app/build/intermediates/manifest_merge_blame_file/debug/manifest-merger-blame-debug-report.txt
1<?xml version="1.0" encoding="utf-8"?>
2<manifest xmlns:android="http://schemas.android.com/apk/res/android"
3    package="com.example.covid19"
4    android:versionCode="1"
5    android:versionName="1.0" >
6
7    <uses-sdk
8        android:minSdkVersion="21"
8-->src\main\AndroidManifest.xml
9        android:targetSdkVersion="32" />
9-->src\main\AndroidManifest.xml
10
11    <application
11-->src\main\AndroidManifest.xml:5:5-22:19
12        android:allowBackup="true"
12-->src\main\AndroidManifest.xml:6:9-35
13        android:appComponentFactory="androidx.core.app.CoreComponentFactory"
13-->[androidx.core:core:1.7.0] AndroidManifest.xml:24:18-86
14        android:debuggable="true"
15        android:icon="@mipmap/ic_launcher"
15-->src\main\AndroidManifest.xml:7:9-43
16        android:label="@string/app_name"
16-->src\main\AndroidManifest.xml:8:9-41
17        android:roundIcon="@mipmap/ic_launcher_round"
17-->src\main\AndroidManifest.xml:9:9-54
18        android:supportsRtl="true"
18-->src\main\AndroidManifest.xml:10:9-35
19        android:testOnly="true"
20        android:theme="@style/Theme.COVID19" >
20-->src\main\AndroidManifest.xml:11:9-45
21        <activity
21-->src\main\AndroidManifest.xml:12:9-20:20
22            android:name="com.example.covid19.MainActivity"
22-->src\main\AndroidManifest.xml:13:13-41
23            android:exported="true" >
23-->src\main\AndroidManifest.xml:14:13-36
24            <intent-filter>
24-->src\main\AndroidManifest.xml:15:13-19:29
25                <action android:name="android.intent.action.MAIN" />
25-->src\main\AndroidManifest.xml:16:17-69
25-->src\main\AndroidManifest.xml:16:25-66
26
27                <category android:name="android.intent.category.LAUNCHER" />
27-->src\main\AndroidManifest.xml:18:17-77
27-->src\main\AndroidManifest.xml:18:27-74
28            </intent-filter>
29        </activity>
30
31        <uses-library
31-->[androidx.window:window:1.0.0] AndroidManifest.xml:25:9-27:40
32            android:name="androidx.window.extensions"
32-->[androidx.window:window:1.0.0] AndroidManifest.xml:26:13-54
33            android:required="false" />
33-->[androidx.window:window:1.0.0] AndroidManifest.xml:27:13-37
34        <uses-library
34-->[androidx.window:window:1.0.0] AndroidManifest.xml:28:9-30:40
35            android:name="androidx.window.sidecar"
35-->[androidx.window:window:1.0.0] AndroidManifest.xml:29:13-51
36            android:required="false" />
36-->[androidx.window:window:1.0.0] AndroidManifest.xml:30:13-37
37
38        <provider
38-->[androidx.profileinstaller:profileinstaller:1.0.1] AndroidManifest.xml:26:9-34:20
39            android:name="androidx.startup.InitializationProvider"
39-->[androidx.profileinstaller:profileinstaller:1.0.1] AndroidManifest.xml:27:13-67
40            android:authorities="com.example.covid19.androidx-startup"
40-->[androidx.profileinstaller:profileinstaller:1.0.1] AndroidManifest.xml:28:13-68
41            android:exported="false" >
41-->[androidx.profileinstaller:profileinstaller:1.0.1] AndroidManifest.xml:29:13-37
42            <meta-data
42-->[androidx.profileinstaller:profileinstaller:1.0.1] AndroidManifest.xml:31:13-33:52
43                android:name="androidx.profileinstaller.ProfileInstallerInitializer"
43-->[androidx.profileinstaller:profileinstaller:1.0.1] AndroidManifest.xml:32:17-85
44                android:value="androidx.startup" />
44-->[androidx.profileinstaller:profileinstaller:1.0.1] AndroidManifest.xml:33:17-49
45        </provider>
46
47        <receiver
47-->[androidx.profileinstaller:profileinstaller:1.0.1] AndroidManifest.xml:36:9-45:20
48            android:name="androidx.profileinstaller.ProfileInstallReceiver"
48-->[androidx.profileinstaller:profileinstaller:1.0.1] AndroidManifest.xml:37:13-76
49            android:directBootAware="false"
49-->[androidx.profileinstaller:profileinstaller:1.0.1] AndroidManifest.xml:38:13-44
50            android:enabled="true"
50-->[androidx.profileinstaller:profileinstaller:1.0.1] AndroidManifest.xml:39:13-35
51            android:exported="true"
51-->[androidx.profileinstaller:profileinstaller:1.0.1] AndroidManifest.xml:40:13-36
52            android:permission="android.permission.DUMP" >
52-->[androidx.profileinstaller:profileinstaller:1.0.1] AndroidManifest.xml:41:13-57
53            <intent-filter>
53-->[androidx.profileinstaller:profileinstaller:1.0.1] AndroidManifest.xml:42:13-44:29
54                <action android:name="androidx.profileinstaller.action.INSTALL_PROFILE" />
54-->[androidx.profileinstaller:profileinstaller:1.0.1] AndroidManifest.xml:43:17-91
54-->[androidx.profileinstaller:profileinstaller:1.0.1] AndroidManifest.xml:43:25-88
55            </intent-filter>
56        </receiver>
57    </application>
58
59</manifest>